<?xml version="1.0" encoding="UTF-8"?>
<testsuite name="com.bridgelabz.workshop3.HotelReservationTest" tests="1" skipped="0" failures="0" errors="0" timestamp="2022-01-17T05:36:28" hostname="ARPIT" time="0.02">
  <properties/>
  <testcase name="givenHotelDetails_WhenValuesEnteredAreCorrect_ShouldReturnTrue()" classname="com.bridgelabz.workshop3.HotelReservationTest" time="0.02"/>
  <system-out><![CDATA[]]></system-out>
  <system-err><![CDATA[]]></system-err>
</testsuite>
